#
# There is insufficient memory for the Java Runtime Environment to continue.
# Native memory allocation (malloc) failed to allocate 1048576 bytes for AllocateHeap
# Possible reasons:
#   The system is out of physical RAM or swap space
#   In 32 bit mode, the process size limit was hit
# Possible solutions:
#   Reduce memory load on the system
#   Increase physical memory or swap space
#   Check if swap backing store is full
#   Use 64 bit Java on a 64 bit OS
#   Decrease Java heap size (-Xmx/-Xms)
#   Decrease number of Java threads
#   Decrease Java thread stack sizes (-Xss)
#   Set larger code cache with -XX:ReservedCodeCacheSize=
# This output file may be truncated or incomplete.
#
#  Out of Memory Error (memory/allocation.inline.hpp:62), pid=64264, tid=14416
#
# JRE version:  (8.0_20-b26) (build )
# Java VM: Java HotSpot(TM) 64-Bit Server VM (25.20-b23 mixed mode windows-amd64 compressed oops)
# Failed to write core dump. Minidumps are not enabled by default on client versions of Windows
#

---------------  T H R E A D  ---------------

Current thread (0x0000000002c20800):  JavaThread "Unknown thread" [_thread_in_vm, id=14416, stack(0x0000000002ac0000,0x0000000002bc0000)]

Stack: [0x0000000002ac0000,0x0000000002bc0000]
Native frames: (J=compiled Java code, j=interpreted, Vv=VM code, C=native code)
V  [jvm.dll+0x3152fa]
V  [jvm.dll+0x265d03]
V  [jvm.dll+0x266943]
V  [jvm.dll+0x25e265]
V  [jvm.dll+0x38b06f]
V  [jvm.dll+0x3d4b92]
V  [jvm.dll+0x3d4f1a]
V  [jvm.dll+0x3d0637]
V  [jvm.dll+0xe4472]
V  [jvm.dll+0x1f8a09]
V  [jvm.dll+0x229fc4]
V  [jvm.dll+0x14c6f1]
C  [java.exe+0x20b6]
C  [java.exe+0xc9bb]
C  [java.exe+0xca4f]
C  [KERNEL32.DLL+0x16ad]
C  [ntdll.dll+0x54409]


---------------  P R O C E S S  ---------------

Java Threads: ( => current thread )

Other Threads:

=>0x0000000002c20800 (exited) JavaThread "Unknown thread" [_thread_in_vm, id=14416, stack(0x0000000002ac0000,0x0000000002bc0000)]

VM state:not at safepoint (normal execution)

VM Mutex/Monitor currently owned by a thread: None

Heap:
 PSYoungGen      total 38400K, used 665K [0x00000000d5e00000, 0x00000000d8880000, 0x0000000100000000)
  eden space 33280K, 2% used [0x00000000d5e00000,0x00000000d5ea6670,0x00000000d7e80000)
  from space 5120K, 0% used [0x00000000d8380000,0x00000000d8380000,0x00000000d8880000)
  to   space 5120K, 0% used [0x00000000d7e80000,0x00000000d7e80000,0x00000000d8380000)
 ParOldGen       total 87552K, used 0K [0x0000000081a00000, 0x0000000086f80000, 0x00000000d5e00000)
  object space 87552K, 0% used [0x0000000081a00000,0x0000000081a00000,0x0000000086f80000)
 Metaspace       used 654K, capacity 4480K, committed 4480K, reserved 1056768K
  class space    used 66K, capacity 384K, committed 384K, reserved 1048576K

Card table byte_map: [0x00000000120e0000,0x00000000124e0000] byte_map_base: 0x0000000011cd3000

Marking Bits: (ParMarkBitMap*) 0x000000005f4db460
 Begin Bits: [0x0000000012b90000, 0x0000000014b28000)
 End Bits:   [0x0000000014b28000, 0x0000000016ac0000)

Polling page: 0x00000000027c0000

CodeCache: size=245760Kb used=327Kb max_used=327Kb free=245432Kb
 bounds [0x0000000002d20000, 0x0000000002f90000, 0x0000000011d20000]
 total_blobs=56 nmethods=0 adapters=37
 compilation: enabled

Compilation events (0 events):
No events

GC Heap History (0 events):
No events

Deoptimization events (0 events):
No events

Internal exceptions (0 events):
No events

Events (10 events):
Event: 0.111 loading class java/lang/Short
Event: 0.112 loading class java/lang/Short done
Event: 0.112 loading class java/lang/Integer
Event: 0.112 loading class java/lang/Integer done
Event: 0.112 loading class java/lang/Long
Event: 0.112 loading class java/lang/Long done
Event: 0.113 loading class java/lang/NullPointerException
Event: 0.114 loading class java/lang/NullPointerException done
Event: 0.114 loading class java/lang/ArithmeticException
Event: 0.114 loading class java/lang/ArithmeticException done


Dynamic libraries:
0x00007ff7c9c10000 - 0x00007ff7c9c44000 	C:\Program Files\Java\jre1.8.0_20\bin\java.exe
0x00007fff4cff0000 - 0x00007fff4d196000 	C:\Windows\SYSTEM32\ntdll.dll
0x00007fff4aa60000 - 0x00007fff4ab9a000 	C:\Windows\system32\KERNEL32.DLL
0x00007fff4a440000 - 0x00007fff4a54f000 	C:\Windows\system32\KERNELBASE.dll
0x00007fff48fa0000 - 0x00007fff49028000 	C:\Windows\system32\apphelp.dll
0x00007fff43360000 - 0x00007fff433af000 	C:\Windows\AppPatch\AppPatch64\AcGenral.DLL
0x00007fff4b3c0000 - 0x00007fff4b467000 	C:\Windows\system32\msvcrt.dll
0x00007fff49fe0000 - 0x00007fff4a00b000 	C:\Windows\SYSTEM32\SspiCli.dll
0x00007fff4b360000 - 0x00007fff4b3b1000 	C:\Windows\system32\SHLWAPI.dll
0x00007fff4a880000 - 0x00007fff4a9f1000 	C:\Windows\system32\USER32.dll
0x00007fff4b060000 - 0x00007fff4b1d8000 	C:\Windows\system32\ole32.dll
0x00007fff4b4d0000 - 0x00007fff4c8df000 	C:\Windows\system32\SHELL32.dll
0x00007fff49980000 - 0x00007fff4999e000 	C:\Windows\SYSTEM32\USERENV.dll
0x00007fff4add0000 - 0x00007fff4ae75000 	C:\Windows\system32\ADVAPI32.dll
0x00007fff3b870000 - 0x00007fff3b88b000 	C:\Windows\SYSTEM32\MPR.dll
0x00007fff4cb70000 - 0x00007fff4cca7000 	C:\Windows\system32\RPCRT4.dll
0x00007fff4aa00000 - 0x00007fff4aa57000 	C:\Windows\SYSTEM32\sechost.dll
0x00007fff4ae80000 - 0x00007fff4b056000 	C:\Windows\SYSTEM32\combase.dll
0x00007fff4c9c0000 - 0x00007fff4cb04000 	C:\Windows\system32\GDI32.dll
0x00007fff4a370000 - 0x00007fff4a384000 	C:\Windows\SYSTEM32\profapi.dll
0x00007fff48c70000 - 0x00007fff48d0f000 	C:\Windows\SYSTEM32\SHCORE.dll
0x00007fff4ad90000 - 0x00007fff4adc4000 	C:\Windows\system32\IMM32.DLL
0x00007fff4ce50000 - 0x00007fff4cf89000 	C:\Windows\system32\MSCTF.dll
0x00007fff48580000 - 0x00007fff487da000 	C:\Windows\WinSxS\amd64_microsoft.windows.common-controls_6595b64144ccf1df_6.0.9600.17031_none_6242a4b3ecbb55a1\COMCTL32.dll
0x000000005f560000 - 0x000000005f632000 	C:\Program Files\Java\jre1.8.0_20\bin\msvcr100.dll
0x000000005ed00000 - 0x000000005f558000 	C:\Program Files\Java\jre1.8.0_20\bin\server\jvm.dll
0x00007fff40e20000 - 0x00007fff40e29000 	C:\Windows\SYSTEM32\WSOCK32.dll
0x00007fff478e0000 - 0x00007fff478ff000 	C:\Windows\SYSTEM32\WINMM.dll
0x00007fff4c8e0000 - 0x00007fff4c8e7000 	C:\Windows\system32\PSAPI.DLL
0x00007fff4cf90000 - 0x00007fff4cfe8000 	C:\Windows\system32\WS2_32.dll
0x00007fff47870000 - 0x00007fff4789a000 	C:\Windows\SYSTEM32\WINMMBASE.dll
0x00007fff4b1e0000 - 0x00007fff4b1e9000 	C:\Windows\system32\NSI.dll
0x00007fff4a7e0000 - 0x00007fff4a82a000 	C:\Windows\SYSTEM32\cfgmgr32.dll
0x00007fff491f0000 - 0x00007fff49216000 	C:\Windows\SYSTEM32\DEVOBJ.dll
0x000000005ecf0000 - 0x000000005ecff000 	C:\Program Files\Java\jre1.8.0_20\bin\verify.dll
0x000000005ecc0000 - 0x000000005ece8000 	C:\Program Files\Java\jre1.8.0_20\bin\java.dll
0x000000005eca0000 - 0x000000005ecb6000 	C:\Program Files\Java\jre1.8.0_20\bin\zip.dll
0x00007fff40190000 - 0x00007fff40318000 	C:\Windows\SYSTEM32\dbghelp.dll

VM Arguments:
java_command: <unknown>
java_class_path (initial): .;E:\Program Files\Java\jdk1.7.0_80\lib\tools.jar
Launcher Type: SUN_STANDARD

Environment Variables:
JAVA_HOME=E:\Program Files\Java\jdk1.7.0_80
CLASSPATH=.;E:\Program Files\Java\jdk1.7.0_80\lib\tools.jar
PATH=F:\Python34\;F:\Python34\Scripts;E:\Python27\;E:\Python27\Scripts;C:\ProgramData\Oracle\Java\javapath;C:\Program Files (x86)\NVIDIA Corporation\PhysX\Common;C:\Windows\system32;C:\Windows;C:\Windows\System32\Wbem;C:\Windows\System32\WindowsPowerShell\v1.0\;C:\Program Files\WIDCOMM\Bluetooth Software\;C:\Program Files\WIDCOMM\Bluetooth Software\syswow64;C:\Program Files (x86)\QuickTime\QTSystem\;C:\Program Files\TortoiseSVN\bin;C:\Program Files (x86)\Windows Kits\8.1\Windows Performance Toolkit\;C:\Program Files\Microsoft SQL Server\110\Tools\Binn\;C:\Program Files\MySQL\MySQL Enterprise Backup 3.12\;C:\Program Files (x86)\MySQL\MySQL Fabric 1.5.4 & MySQL Utilities 1.5.4 1.5\;C:\Program Files (x86)\MySQL\MySQL Fabric 1.5.4 & MySQL Utilities 1.5.4 1.5\Doctrine extensions for PHP\;E:\Program Files\nodejs\;H:\Anaconda;H:\Anaconda\Scripts;H:\adt-bundle-windows-x86_64-20140702\sdk\platform-tools;H:\adt-bundle-windows-x86_64-20140702\sdk\tools;E:\Program Files\Java\jdk1.7.0_80\bin;c:\mingw\bin;C:\Program Files (x86)\DBank\ClickUp;C:\Program Files (x86)\DBank\ClickUp;C:\Users\Field\AppData\Local\Code\bin;C:\Users\Field\AppData\Local\atom\bin;C:\Users\Field\AppData\Roaming\npm
USERNAME=Field
OS=Windows_NT
PROCESSOR_IDENTIFIER=Intel64 Family 6 Model 58 Stepping 9, GenuineIntel



---------------  S Y S T E M  ---------------

OS: Windows 8.1 , 64 bit Build 9600 

CPU:total 4 (2 cores per cpu, 2 threads per core) family 6 model 58 stepping 9, cmov, cx8, fxsr, mmx, sse, sse2, sse3, ssse3, sse4.1, sse4.2, popcnt, avx, aes, clmul, erms, ht, tsc, tscinvbit, tscinv

Memory: 4k page, physical 8280056k(936132k free), swap 12127060k(4824k free)

vm_info: Java HotSpot(TM) 64-Bit Server VM (25.20-b23) for windows-amd64 JRE (1.8.0_20-b26), built on Jul 30 2014 13:51:23 by "java_re" with MS VC++ 10.0 (VS2010)

time: Sun Jul 12 01:20:37 2015
elapsed time: 0 seconds (0d 0h 0m 0s)

